Electric Version 8.05
--------------- 0 --------------
  Mon Oct 08 15:38:08 EDT 2018
Menu Activated: File | Open Library...
--------------- 1 --------------
  Mon Oct 08 15:38:24 EDT 2018
Menu Activated: Tool | Simulation (Built-in) | ALS: Simulate Current Cell
--------------- 2 --------------
  Mon Oct 08 15:38:32 EDT 2018
Menu Activated: Tool | Simulation (Built-in) | Restore Stimuli from Disk...
--------------- 3 --------------
  Mon Oct 08 15:40:01 EDT 2018
ProcessKeyBinding 401 when=1539027601214 modifiers=0 code=47 char=67(g) false false
--------------- 4 --------------
  Mon Oct 08 15:40:01 EDT 2018
Menu Activated: Tool | Simulation (Built-in) | Set Signal Low at Main Time
--------------- 5 --------------
  Mon Oct 08 15:40:01 EDT 2018
ProcessKeyBinding 400 when=1539027601214 modifiers=0 code=0 char=67(g) false false
--------------- 6 --------------
  Mon Oct 08 15:40:07 EDT 2018
ProcessKeyBinding 401 when=1539027607034 modifiers=0 code=47 char=67(g) false false
--------------- 7 --------------
  Mon Oct 08 15:40:07 EDT 2018
Menu Activated: Tool | Simulation (Built-in) | Set Signal Low at Main Time
--------------- 8 --------------
  Mon Oct 08 15:40:07 EDT 2018
ProcessKeyBinding 400 when=1539027607034 modifiers=0 code=0 char=67(g) false false
--------------- 9 --------------
  Mon Oct 08 15:40:07 EDT 2018
ProcessKeyBinding 402 when=1539027607169 modifiers=0 code=47 char=67(g) false false
--------------- 10 --------------
  Mon Oct 08 15:40:10 EDT 2018
ProcessKeyBinding 401 when=1539027610156 modifiers=0 code=56 char=76(v) false false
--------------- 11 --------------
  Mon Oct 08 15:40:10 EDT 2018
Menu Activated: Tool | Simulation (Built-in) | Set Signal High at Main Time
--------------- 12 --------------
  Mon Oct 08 15:40:10 EDT 2018
ProcessKeyBinding 400 when=1539027610156 modifiers=0 code=0 char=76(v) false false
--------------- 13 --------------
  Mon Oct 08 15:40:20 EDT 2018
ProcessKeyBinding 401 when=1539027620741 modifiers=0 code=56 char=76(v) false false
--------------- 14 --------------
  Mon Oct 08 15:40:20 EDT 2018
Menu Activated: Tool | Simulation (Built-in) | Set Signal High at Main Time
--------------- 15 --------------
  Mon Oct 08 15:40:20 EDT 2018
ProcessKeyBinding 400 when=1539027620741 modifiers=0 code=0 char=76(v) false false
--------------- 16 --------------
  Mon Oct 08 15:40:20 EDT 2018
ProcessKeyBinding 402 when=1539027620870 modifiers=0 code=56 char=76(v) false false
--------------- 17 --------------
  Mon Oct 08 15:40:24 EDT 2018
ProcessKeyBinding 401 when=1539027624321 modifiers=0 code=47 char=67(g) false false
--------------- 18 --------------
  Mon Oct 08 15:40:24 EDT 2018
Menu Activated: Tool | Simulation (Built-in) | Set Signal Low at Main Time
--------------- 19 --------------
  Mon Oct 08 15:40:24 EDT 2018
ProcessKeyBinding 400 when=1539027624321 modifiers=0 code=0 char=67(g) false false
--------------- 20 --------------
  Mon Oct 08 15:40:24 EDT 2018
ProcessKeyBinding 402 when=1539027624433 modifiers=0 code=47 char=67(g) false false
--------------- 21 --------------
  Mon Oct 08 15:40:25 EDT 2018
ProcessKeyBinding 401 when=1539027625793 modifiers=0 code=47 char=67(g) false false
--------------- 22 --------------
  Mon Oct 08 15:40:25 EDT 2018
Menu Activated: Tool | Simulation (Built-in) | Set Signal Low at Main Time
--------------- 23 --------------
  Mon Oct 08 15:40:25 EDT 2018
ProcessKeyBinding 400 when=1539027625793 modifiers=0 code=0 char=67(g) false false
--------------- 24 --------------
  Mon Oct 08 15:40:25 EDT 2018
ProcessKeyBinding 402 when=1539027625916 modifiers=0 code=47 char=67(g) false false
--------------- 25 --------------
  Mon Oct 08 15:40:32 EDT 2018
ProcessKeyBinding 401 when=1539027632500 modifiers=0 code=47 char=67(g) false false
--------------- 26 --------------
  Mon Oct 08 15:40:32 EDT 2018
Menu Activated: Tool | Simulation (Built-in) | Set Signal Low at Main Time
--------------- 27 --------------
  Mon Oct 08 15:40:32 EDT 2018
ProcessKeyBinding 400 when=1539027632500 modifiers=0 code=0 char=67(g) false false
--------------- 28 --------------
  Mon Oct 08 15:40:32 EDT 2018
ProcessKeyBinding 402 when=1539027632637 modifiers=0 code=47 char=67(g) false false
--------------- 29 --------------
  Mon Oct 08 15:40:38 EDT 2018
ProcessKeyBinding 401 when=1539027638751 modifiers=0 code=47 char=67(g) false false
--------------- 30 --------------
  Mon Oct 08 15:40:38 EDT 2018
Menu Activated: Tool | Simulation (Built-in) | Set Signal Low at Main Time
--------------- 31 --------------
  Mon Oct 08 15:40:38 EDT 2018
ProcessKeyBinding 400 when=1539027638751 modifiers=0 code=0 char=67(g) false false
--------------- 32 --------------
  Mon Oct 08 15:40:38 EDT 2018
ProcessKeyBinding 402 when=1539027638869 modifiers=0 code=47 char=67(g) false false
--------------- 33 --------------
  Mon Oct 08 15:40:43 EDT 2018
ProcessKeyBinding 401 when=1539027643317 modifiers=0 code=47 char=67(g) false false
--------------- 34 --------------
  Mon Oct 08 15:40:43 EDT 2018
Menu Activated: Tool | Simulation (Built-in) | Set Signal Low at Main Time
--------------- 35 --------------
  Mon Oct 08 15:40:43 EDT 2018
ProcessKeyBinding 400 when=1539027643317 modifiers=0 code=0 char=67(g) false false
--------------- 36 --------------
  Mon Oct 08 15:40:43 EDT 2018
ProcessKeyBinding 402 when=1539027643452 modifiers=0 code=47 char=67(g) false false
--------------- 37 --------------
  Mon Oct 08 15:40:49 EDT 2018
ProcessKeyBinding 401 when=1539027649252 modifiers=0 code=56 char=76(v) false false
--------------- 38 --------------
  Mon Oct 08 15:40:49 EDT 2018
Menu Activated: Tool | Simulation (Built-in) | Set Signal High at Main Time
--------------- 39 --------------
  Mon Oct 08 15:40:49 EDT 2018
ProcessKeyBinding 400 when=1539027649252 modifiers=0 code=0 char=76(v) false false
--------------- 40 --------------
  Mon Oct 08 15:40:49 EDT 2018
ProcessKeyBinding 402 when=1539027649375 modifiers=0 code=56 char=76(v) false false
--------------- 41 --------------
  Mon Oct 08 15:40:56 EDT 2018
ProcessKeyBinding 401 when=1539027656168 modifiers=0 code=47 char=67(g) false false
--------------- 42 --------------
  Mon Oct 08 15:40:56 EDT 2018
Menu Activated: Tool | Simulation (Built-in) | Set Signal Low at Main Time
--------------- 43 --------------
  Mon Oct 08 15:40:56 EDT 2018
ProcessKeyBinding 400 when=1539027656168 modifiers=0 code=0 char=67(g) false false
--------------- 44 --------------
  Mon Oct 08 15:40:56 EDT 2018
ProcessKeyBinding 402 when=1539027656275 modifiers=0 code=47 char=67(g) false false
--------------- 45 --------------
  Mon Oct 08 15:40:58 EDT 2018
ProcessKeyBinding 401 when=1539027658243 modifiers=0 code=47 char=67(g) false false
--------------- 46 --------------
  Mon Oct 08 15:40:58 EDT 2018
Menu Activated: Tool | Simulation (Built-in) | Set Signal Low at Main Time
--------------- 47 --------------
  Mon Oct 08 15:40:58 EDT 2018
ProcessKeyBinding 400 when=1539027658243 modifiers=0 code=0 char=67(g) false false
--------------- 48 --------------
  Mon Oct 08 15:40:58 EDT 2018
ProcessKeyBinding 402 when=1539027658387 modifiers=0 code=47 char=67(g) false false
--------------- 49 --------------
  Mon Oct 08 15:41:06 EDT 2018
ProcessKeyBinding 401 when=1539027666012 modifiers=0 code=56 char=76(v) false false
--------------- 50 --------------
  Mon Oct 08 15:41:06 EDT 2018
Menu Activated: Tool | Simulation (Built-in) | Set Signal High at Main Time
--------------- 51 --------------
  Mon Oct 08 15:41:06 EDT 2018
ProcessKeyBinding 400 when=1539027666012 modifiers=0 code=0 char=76(v) false false
--------------- 52 --------------
  Mon Oct 08 15:41:36 EDT 2018
ProcessKeyBinding 401 when=1539027696313 modifiers=0 code=47 char=67(g) false false
--------------- 53 --------------
  Mon Oct 08 15:41:36 EDT 2018
Menu Activated: Tool | Simulation (Built-in) | Set Signal Low at Main Time
--------------- 54 --------------
  Mon Oct 08 15:41:36 EDT 2018
ProcessKeyBinding 400 when=1539027696313 modifiers=0 code=0 char=67(g) false false
--------------- 55 --------------
  Mon Oct 08 15:41:36 EDT 2018
ProcessKeyBinding 402 when=1539027696425 modifiers=0 code=47 char=67(g) false false
--------------- 56 --------------
  Mon Oct 08 15:41:38 EDT 2018
ProcessKeyBinding 401 when=1539027698712 modifiers=0 code=56 char=76(v) false false
--------------- 57 --------------
  Mon Oct 08 15:41:38 EDT 2018
Menu Activated: Tool | Simulation (Built-in) | Set Signal High at Main Time
--------------- 58 --------------
  Mon Oct 08 15:41:38 EDT 2018
ProcessKeyBinding 400 when=1539027698712 modifiers=0 code=0 char=76(v) false false
--------------- 59 --------------
  Mon Oct 08 15:41:38 EDT 2018
ProcessKeyBinding 402 when=1539027698836 modifiers=0 code=56 char=76(v) false false
--------------- 60 --------------
  Mon Oct 08 15:42:06 EDT 2018
ProcessKeyBinding 401 when=1539027726855 modifiers=0 code=56 char=76(v) false false
--------------- 61 --------------
  Mon Oct 08 15:42:06 EDT 2018
Menu Activated: Tool | Simulation (Built-in) | Set Signal High at Main Time
--------------- 62 --------------
  Mon Oct 08 15:42:06 EDT 2018
ProcessKeyBinding 400 when=1539027726855 modifiers=0 code=0 char=76(v) false false
--------------- 63 --------------
  Mon Oct 08 15:42:06 EDT 2018
ProcessKeyBinding 402 when=1539027726941 modifiers=0 code=56 char=76(v) false false
--------------- 64 --------------
  Mon Oct 08 15:42:11 EDT 2018
ProcessKeyBinding 401 when=1539027731383 modifiers=0 code=47 char=67(g) false false
--------------- 65 --------------
  Mon Oct 08 15:42:11 EDT 2018
Menu Activated: Tool | Simulation (Built-in) | Set Signal Low at Main Time
--------------- 66 --------------
  Mon Oct 08 15:42:11 EDT 2018
ProcessKeyBinding 400 when=1539027731383 modifiers=0 code=0 char=67(g) false false
--------------- 67 --------------
  Mon Oct 08 15:42:11 EDT 2018
ProcessKeyBinding 402 when=1539027731486 modifiers=0 code=47 char=67(g) false false
--------------- 68 --------------
  Mon Oct 08 15:42:13 EDT 2018
ProcessKeyBinding 401 when=1539027733929 modifiers=0 code=47 char=67(g) false false
--------------- 69 --------------
  Mon Oct 08 15:42:13 EDT 2018
Menu Activated: Tool | Simulation (Built-in) | Set Signal Low at Main Time
--------------- 70 --------------
  Mon Oct 08 15:42:13 EDT 2018
ProcessKeyBinding 400 when=1539027733929 modifiers=0 code=0 char=67(g) false false
--------------- 71 --------------
  Mon Oct 08 15:42:14 EDT 2018
ProcessKeyBinding 402 when=1539027734042 modifiers=0 code=47 char=67(g) false false
--------------- 72 --------------
  Mon Oct 08 15:42:19 EDT 2018
ProcessKeyBinding 401 when=1539027739154 modifiers=0 code=56 char=76(v) false false
--------------- 73 --------------
  Mon Oct 08 15:42:19 EDT 2018
Menu Activated: Tool | Simulation (Built-in) | Set Signal High at Main Time
--------------- 74 --------------
  Mon Oct 08 15:42:19 EDT 2018
ProcessKeyBinding 400 when=1539027739154 modifiers=0 code=0 char=76(v) false false
--------------- 75 --------------
  Mon Oct 08 15:42:45 EDT 2018
ProcessKeyBinding 401 when=1539027765383 modifiers=0 code=56 char=76(v) false false
--------------- 76 --------------
  Mon Oct 08 15:42:45 EDT 2018
Menu Activated: Tool | Simulation (Built-in) | Set Signal High at Main Time
--------------- 77 --------------
  Mon Oct 08 15:42:45 EDT 2018
ProcessKeyBinding 400 when=1539027765383 modifiers=0 code=0 char=76(v) false false
--------------- 78 --------------
  Mon Oct 08 15:42:45 EDT 2018
ProcessKeyBinding 402 when=1539027765480 modifiers=0 code=56 char=76(v) false false
--------------- 79 --------------
  Mon Oct 08 15:42:49 EDT 2018
ProcessKeyBinding 401 when=1539027769602 modifiers=0 code=47 char=67(g) false false
--------------- 80 --------------
  Mon Oct 08 15:42:49 EDT 2018
Menu Activated: Tool | Simulation (Built-in) | Set Signal Low at Main Time
--------------- 81 --------------
  Mon Oct 08 15:42:49 EDT 2018
ProcessKeyBinding 400 when=1539027769602 modifiers=0 code=0 char=67(g) false false
--------------- 82 --------------
  Mon Oct 08 15:42:49 EDT 2018
ProcessKeyBinding 402 when=1539027769704 modifiers=0 code=47 char=67(g) false false
--------------- 83 --------------
  Mon Oct 08 15:42:53 EDT 2018
ProcessKeyBinding 401 when=1539027773233 modifiers=0 code=47 char=67(g) false false
--------------- 84 --------------
  Mon Oct 08 15:42:53 EDT 2018
Menu Activated: Tool | Simulation (Built-in) | Set Signal Low at Main Time
--------------- 85 --------------
  Mon Oct 08 15:42:53 EDT 2018
ProcessKeyBinding 400 when=1539027773233 modifiers=0 code=0 char=67(g) false false
--------------- 86 --------------
  Mon Oct 08 15:42:53 EDT 2018
ProcessKeyBinding 402 when=1539027773347 modifiers=0 code=47 char=67(g) false false
--------------- 87 --------------
  Mon Oct 08 15:43:07 EDT 2018
ProcessKeyBinding 401 when=1539027787106 modifiers=0 code=56 char=76(v) false false
--------------- 88 --------------
  Mon Oct 08 15:43:07 EDT 2018
Menu Activated: Tool | Simulation (Built-in) | Set Signal High at Main Time
--------------- 89 --------------
  Mon Oct 08 15:43:07 EDT 2018
ProcessKeyBinding 400 when=1539027787106 modifiers=0 code=0 char=76(v) false false
--------------- 90 --------------
  Mon Oct 08 15:43:25 EDT 2018
ProcessKeyBinding 401 when=1539027805810 modifiers=0 code=56 char=76(v) false false
--------------- 91 --------------
  Mon Oct 08 15:43:25 EDT 2018
Menu Activated: Tool | Simulation (Built-in) | Set Signal High at Main Time
--------------- 92 --------------
  Mon Oct 08 15:43:25 EDT 2018
ProcessKeyBinding 400 when=1539027805810 modifiers=0 code=0 char=76(v) false false
--------------- 93 --------------
  Mon Oct 08 15:44:02 EDT 2018
ProcessKeyBinding 401 when=1539027842758 modifiers=0 code=56 char=76(v) false false
--------------- 94 --------------
  Mon Oct 08 15:44:02 EDT 2018
Menu Activated: Tool | Simulation (Built-in) | Set Signal High at Main Time
--------------- 95 --------------
  Mon Oct 08 15:44:02 EDT 2018
ProcessKeyBinding 400 when=1539027842758 modifiers=0 code=0 char=76(v) false false
--------------- 96 --------------
  Mon Oct 08 15:44:02 EDT 2018
ProcessKeyBinding 402 when=1539027842872 modifiers=0 code=56 char=76(v) false false
--------------- 97 --------------
  Mon Oct 08 15:44:11 EDT 2018
ProcessKeyBinding 401 when=1539027851786 modifiers=0 code=47 char=67(g) false false
--------------- 98 --------------
  Mon Oct 08 15:44:11 EDT 2018
Menu Activated: Tool | Simulation (Built-in) | Set Signal Low at Main Time
--------------- 99 --------------
  Mon Oct 08 15:44:11 EDT 2018
ProcessKeyBinding 400 when=1539027851786 modifiers=0 code=0 char=67(g) false false
--------------- 100 --------------
  Mon Oct 08 15:44:11 EDT 2018
ProcessKeyBinding 402 when=1539027851915 modifiers=0 code=47 char=67(g) false false
